<?xml version="1.0" encoding="UTF-8"?>
<!-- Generated by org.testng.reporters.JUnitReportReporter -->
<testsuite skipped="0" hostname="ojt17-PC" name="DriverFactory.AppTest" tests="1" failures="0" timestamp="22 Oct 2019 04:09:05 GMT" time="27.958" errors="0">
  <testcase name="ERP_Start" time="27.958" classname="DriverFactory.AppTest"/>
</testsuite> <!-- DriverFactory.AppTest -->
