<?xml version="1.0" encoding="UTF-8"?>
<!-- Generated by org.testng.reporters.JUnitReportReporter -->
<testsuite hostname="ojt17-PC" name="DriverFactory.DataDrivenFramework" tests="1" failures="0" timestamp="25 Oct 2019 04:38:41 GMT" time="199.874" errors="0">
  <testcase name="suppliercreation" time="199.874" classname="DriverFactory.DataDrivenFramework"/>
</testsuite> <!-- DriverFactory.DataDrivenFramework -->
